TN:
SF:C:\Users\DELL\SendIT/app.js
FN:16,(anonymous_1)
FN:29,(anonymous_2)
FN:36,(anonymous_3)
FNF:3
FNH:2
FNDA:1,(anonymous_1)
FNDA:0,(anonymous_2)
FNDA:1,(anonymous_3)
DA:1,1
DA:2,1
DA:3,1
DA:4,1
DA:6,1
DA:8,1
DA:10,1
DA:12,1
DA:13,1
DA:14,1
DA:16,1
DA:17,1
DA:27,1
DA:29,1
DA:30,0
DA:36,1
DA:37,1
DA:40,1
LF:18
LH:17
BRDA:10,0,0,1
BRDA:10,0,1,1
BRF:2
BRH:2
end_of_record
TN:
SF:C:\Users\DELL\SendIT\server\apiVersions/apiVersion1.js
FN:7,(anonymous_1)
FNF:1
FNH:1
FNDA:1,(anonymous_1)
DA:1,1
DA:2,1
DA:3,1
DA:5,1
DA:7,1
DA:8,1
DA:13,1
DA:14,1
DA:16,1
LF:9
LH:9
BRF:0
BRH:0
end_of_record
TN:
SF:C:\Users\DELL\SendIT\server\controllersV1/parcels.js
FN:9,(anonymous_7)
FN:34,(anonymous_9)
FN:58,(anonymous_11)
FN:73,(anonymous_12)
FN:94,(anonymous_14)
FN:118,(anonymous_16)
FNF:6
FNH:6
FNDA:1,(anonymous_7)
FNDA:2,(anonymous_9)
FNDA:5,(anonymous_11)
FNDA:7,(anonymous_12)
FNDA:1,(anonymous_14)
FNDA:1,(anonymous_16)
DA:1,1
DA:2,1
DA:3,1
DA:5,1
DA:9,1
DA:10,1
DA:11,0
DA:14,0
DA:16,1
DA:17,1
DA:18,1
DA:24,1
DA:25,1
DA:26,1
DA:27,0
DA:31,0
DA:33,1
DA:34,2
DA:35,1
DA:36,0
DA:39,0
DA:41,1
DA:50,1
DA:51,1
DA:57,5
DA:58,5
DA:59,5
DA:60,0
DA:63,0
DA:65,5
DA:66,5
DA:67,1
DA:71,1
DA:73,7
DA:74,4
DA:75,1
DA:78,1
DA:80,3
DA:81,2
DA:84,2
DA:86,1
DA:87,1
DA:93,1
DA:94,1
DA:95,1
DA:96,0
DA:99,0
DA:101,1
DA:102,1
DA:103,0
DA:107,0
DA:109,1
DA:110,1
DA:111,1
DA:118,1
DA:119,1
DA:120,0
DA:123,0
DA:125,1
DA:132,1
DA:133,1
DA:140,1
LF:62
LH:48
BRDA:10,0,0,0
BRDA:10,0,1,1
BRDA:26,1,0,0
BRDA:26,1,1,1
BRDA:35,2,0,0
BRDA:35,2,1,1
BRDA:59,3,0,0
BRDA:59,3,1,5
BRDA:66,4,0,1
BRDA:66,4,1,4
BRDA:74,5,0,1
BRDA:74,5,1,3
BRDA:80,6,0,2
BRDA:80,6,1,1
BRDA:95,7,0,0
BRDA:95,7,1,1
BRDA:102,8,0,0
BRDA:102,8,1,1
BRDA:119,9,0,0
BRDA:119,9,1,1
BRF:20
BRH:13
end_of_record
TN:
SF:C:\Users\DELL\SendIT\server\controllersV1/users.js
FN:9,(anonymous_7)
FN:34,(anonymous_9)
FN:54,(anonymous_11)
FN:78,(anonymous_13)
FN:85,(anonymous_14)
FN:93,(anonymous_16)
FNF:6
FNH:4
FNDA:0,(anonymous_7)
FNDA:2,(anonymous_9)
FNDA:0,(anonymous_11)
FNDA:1,(anonymous_13)
FNDA:3,(anonymous_14)
FNDA:1,(anonymous_16)
DA:1,1
DA:2,1
DA:3,1
DA:5,1
DA:9,0
DA:10,0
DA:11,0
DA:14,0
DA:16,0
DA:17,0
DA:18,0
DA:24,1
DA:25,1
DA:26,1
DA:27,0
DA:31,0
DA:33,1
DA:34,2
DA:35,1
DA:36,0
DA:39,0
DA:41,1
DA:46,1
DA:47,1
DA:53,0
DA:54,0
DA:55,0
DA:56,0
DA:59,0
DA:61,0
DA:62,0
DA:63,0
DA:67,0
DA:69,0
DA:70,0
DA:71,0
DA:78,1
DA:79,1
DA:80,0
DA:83,0
DA:85,3
DA:86,1
DA:93,1
DA:94,1
DA:95,0
DA:98,0
DA:100,1
DA:107,1
DA:108,1
DA:115,1
LF:50
LH:23
BRDA:10,0,0,0
BRDA:10,0,1,0
BRDA:26,1,0,0
BRDA:26,1,1,1
BRDA:35,2,0,0
BRDA:35,2,1,1
BRDA:55,3,0,0
BRDA:55,3,1,0
BRDA:62,4,0,0
BRDA:62,4,1,0
BRDA:79,5,0,0
BRDA:79,5,1,1
BRDA:94,6,0,0
BRDA:94,6,1,1
BRF:14
BRH:4
end_of_record
TN:
SF:C:\Users\DELL\SendIT\server\modelsV1/parcles.js
FNF:0
FNH:0
DA:1,1
DA:3,1
DA:31,1
LF:3
LH:3
BRF:0
BRH:0
end_of_record
TN:
SF:C:\Users\DELL\SendIT\server\modelsV1/users.js
FNF:0
FNH:0
DA:1,1
DA:15,1
LF:2
LH:2
BRF:0
BRH:0
end_of_record
TN:
SF:C:\Users\DELL\SendIT\server\routesV1/parcels.js
FNF:0
FNH:0
DA:1,1
DA:2,1
DA:4,1
DA:7,1
DA:8,1
DA:9,1
DA:10,1
DA:11,1
DA:12,1
DA:14,1
LF:10
LH:10
BRF:0
BRH:0
end_of_record
TN:
SF:C:\Users\DELL\SendIT\server\routesV1/users.js
FNF:0
FNH:0
DA:1,1
DA:2,1
DA:4,1
DA:7,1
DA:8,1
DA:9,1
DA:10,1
DA:11,1
DA:12,1
DA:14,1
LF:10
LH:10
BRF:0
BRH:0
end_of_record
TN:
SF:C:\Users\DELL\SendIT\server\test/parcelsV1.js
FN:9,(anonymous_1)
FN:10,(anonymous_2)
FN:13,(anonymous_3)
FN:23,(anonymous_4)
FN:24,(anonymous_5)
FN:27,(anonymous_6)
FN:37,(anonymous_7)
FN:38,(anonymous_8)
FN:41,(anonymous_9)
FN:51,(anonymous_10)
FN:52,(anonymous_11)
FN:55,(anonymous_12)
FN:65,(anonymous_13)
FN:66,(anonymous_14)
FN:69,(anonymous_15)
FN:80,(anonymous_16)
FN:81,(anonymous_17)
FN:91,(anonymous_18)
FN:101,(anonymous_19)
FN:102,(anonymous_20)
FN:112,(anonymous_21)
FN:125,(anonymous_22)
FN:126,(anonymous_23)
FN:136,(anonymous_24)
FN:146,(anonymous_25)
FN:147,(anonymous_26)
FN:157,(anonymous_27)
FN:167,(anonymous_28)
FN:168,(anonymous_29)
FN:178,(anonymous_30)
FN:191,(anonymous_31)
FN:192,(anonymous_32)
FN:202,(anonymous_33)
FN:214,(anonymous_34)
FN:215,(anonymous_35)
FN:225,(anonymous_36)
FNF:36
FNH:36
FNDA:1,(anonymous_1)
FNDA:1,(anonymous_2)
FNDA:1,(anonymous_3)
FNDA:1,(anonymous_4)
FNDA:1,(anonymous_5)
FNDA:1,(anonymous_6)
FNDA:1,(anonymous_7)
FNDA:1,(anonymous_8)
FNDA:1,(anonymous_9)
FNDA:1,(anonymous_10)
FNDA:1,(anonymous_11)
FNDA:1,(anonymous_12)
FNDA:1,(anonymous_13)
FNDA:1,(anonymous_14)
FNDA:1,(anonymous_15)
FNDA:1,(anonymous_16)
FNDA:1,(anonymous_17)
FNDA:1,(anonymous_18)
FNDA:1,(anonymous_19)
FNDA:1,(anonymous_20)
FNDA:1,(anonymous_21)
FNDA:1,(anonymous_22)
FNDA:1,(anonymous_23)
FNDA:1,(anonymous_24)
FNDA:1,(anonymous_25)
FNDA:1,(anonymous_26)
FNDA:1,(anonymous_27)
FNDA:1,(anonymous_28)
FNDA:1,(anonymous_29)
FNDA:1,(anonymous_30)
FNDA:1,(anonymous_31)
FNDA:1,(anonymous_32)
FNDA:1,(anonymous_33)
FNDA:1,(anonymous_34)
FNDA:1,(anonymous_35)
FNDA:1,(anonymous_36)
DA:1,1
DA:2,1
DA:3,1
DA:4,1
DA:6,1
DA:7,1
DA:9,1
DA:10,1
DA:11,1
DA:14,1
DA:15,1
DA:17,1
DA:19,1
DA:23,1
DA:24,1
DA:25,1
DA:28,1
DA:29,1
DA:31,1
DA:33,1
DA:37,1
DA:38,1
DA:39,1
DA:42,1
DA:43,1
DA:44,1
DA:45,1
DA:47,1
DA:51,1
DA:52,1
DA:53,1
DA:56,1
DA:57,1
DA:58,1
DA:59,1
DA:61,1
DA:65,1
DA:66,1
DA:67,1
DA:70,1
DA:71,1
DA:73,1
DA:74,1
DA:76,1
DA:80,1
DA:81,1
DA:82,1
DA:88,1
DA:92,1
DA:93,1
DA:95,1
DA:97,1
DA:101,1
DA:102,1
DA:103,1
DA:109,1
DA:113,1
DA:114,1
DA:116,1
DA:119,1
DA:121,1
DA:125,1
DA:126,1
DA:127,1
DA:133,1
DA:137,1
DA:138,1
DA:140,1
DA:142,1
DA:146,1
DA:147,1
DA:148,1
DA:154,1
DA:158,1
DA:159,1
DA:161,1
DA:163,1
DA:167,1
DA:168,1
DA:169,1
DA:175,1
DA:179,1
DA:180,1
DA:182,1
DA:183,1
DA:187,1
DA:191,1
DA:192,1
DA:193,1
DA:199,1
DA:203,1
DA:204,1
DA:206,1
DA:207,1
DA:210,1
DA:214,1
DA:215,1
DA:216,1
DA:222,1
DA:226,1
DA:227,1
DA:229,1
DA:230,1
DA:233,1
LF:104
LH:104
BRF:0
BRH:0
end_of_record
TN:
SF:C:\Users\DELL\SendIT\server\test/usersV1.js
FN:9,(anonymous_1)
FN:10,(anonymous_2)
FN:13,(anonymous_3)
FN:23,(anonymous_4)
FN:24,(anonymous_5)
FN:27,(anonymous_6)
FN:39,(anonymous_7)
FN:40,(anonymous_8)
FN:43,(anonymous_9)
FN:53,(anonymous_10)
FN:54,(anonymous_11)
FN:63,(anonymous_12)
FNF:12
FNH:12
FNDA:1,(anonymous_1)
FNDA:1,(anonymous_2)
FNDA:1,(anonymous_3)
FNDA:1,(anonymous_4)
FNDA:1,(anonymous_5)
FNDA:1,(anonymous_6)
FNDA:1,(anonymous_7)
FNDA:1,(anonymous_8)
FNDA:1,(anonymous_9)
FNDA:1,(anonymous_10)
FNDA:1,(anonymous_11)
FNDA:1,(anonymous_12)
DA:1,1
DA:2,1
DA:3,1
DA:4,1
DA:6,1
DA:7,1
DA:9,1
DA:10,1
DA:11,1
DA:14,1
DA:15,1
DA:17,1
DA:19,1
DA:23,1
DA:24,1
DA:25,1
DA:28,1
DA:29,1
DA:31,1
DA:35,1
DA:39,1
DA:40,1
DA:41,1
DA:44,1
DA:45,1
DA:47,1
DA:49,1
DA:53,1
DA:54,1
DA:55,1
DA:60,1
DA:64,1
DA:65,1
DA:67,1
DA:69,1
LF:35
LH:35
BRF:0
BRH:0
end_of_record
TN:
SF:C:\Users\DELL\SendIT\server\validatorsV1/inputValidator.js
FN:3,validateInput
FNF:1
FNH:1
FNDA:7,validateInput
DA:1,1
DA:3,1
DA:4,7
DA:10,7
DA:13,1
LF:5
LH:5
BRF:0
BRH:0
end_of_record
TN:
SF:C:\Users\DELL\SendIT\server\validatorsV1/userValidator.js
FN:3,validateInput
FNF:1
FNH:1
FNDA:1,validateInput
DA:1,1
DA:3,1
DA:4,1
DA:9,1
DA:12,1
LF:5
LH:5
BRF:0
BRH:0
end_of_record
